
> dob-validator-backoffice@1.0.0 build /Users/JoaquinNam/Desktop/MENTE_MAESTRA/1CLIENTS/DOBPROTOCOL/DOBVALIDATOR/backoffice
> next build

   [1m[38;2;173;127;168m▲ Next.js 15.2.4[39m[22m
   - Environments: .env.production.local, .env.production
   - Experiments (use with caution):
     [1m✓[22m optimizeCss

 [37m[1m [22m[39m Creating an optimized production build ...
 ⚠ Compiled with warnings

../node_modules/.pnpm/require-addon@1.1.0/node_modules/require-addon/lib/runtime/bare.js
Critical dependency: require function is used in a way in which dependencies cannot be statically extracted

Import trace for requested module:
../node_modules/.pnpm/require-addon@1.1.0/node_modules/require-addon/lib/runtime/bare.js
../node_modules/.pnpm/require-addon@1.1.0/node_modules/require-addon/index.js
../node_modules/.pnpm/sodium-native@4.3.3/node_modules/sodium-native/index.js
../node_modules/.pnpm/stellar-base@10.0.0-soroban.6/node_modules/stellar-base/lib/signing.js
../node_modules/.pnpm/stellar-base@10.0.0-soroban.6/node_modules/stellar-base/lib/index.js
../node_modules/.pnpm/soroban-client@0.10.1/node_modules/soroban-client/lib/index.js
./lib/stellar-contract.ts
./components/submission-review.tsx

../node_modules/.pnpm/require-addon@1.1.0/node_modules/require-addon/lib/runtime/default.js
Critical dependency: require function is used in a way in which dependencies cannot be statically extracted

Import trace for requested module:
../node_modules/.pnpm/require-addon@1.1.0/node_modules/require-addon/lib/runtime/default.js
../node_modules/.pnpm/require-addon@1.1.0/node_modules/require-addon/index.js
../node_modules/.pnpm/sodium-native@4.3.3/node_modules/sodium-native/index.js
../node_modules/.pnpm/stellar-base@10.0.0-soroban.6/node_modules/stellar-base/lib/signing.js
../node_modules/.pnpm/stellar-base@10.0.0-soroban.6/node_modules/stellar-base/lib/index.js
../node_modules/.pnpm/soroban-client@0.10.1/node_modules/soroban-client/lib/index.js
./lib/stellar-contract.ts
./components/submission-review.tsx

../node_modules/.pnpm/require-addon@1.1.0/node_modules/require-addon/lib/runtime/node.js
Critical dependency: require function is used in a way in which dependencies cannot be statically extracted

Import trace for requested module:
../node_modules/.pnpm/require-addon@1.1.0/node_modules/require-addon/lib/runtime/node.js
../node_modules/.pnpm/require-addon@1.1.0/node_modules/require-addon/index.js
../node_modules/.pnpm/sodium-native@4.3.3/node_modules/sodium-native/index.js
../node_modules/.pnpm/stellar-base@10.0.0-soroban.6/node_modules/stellar-base/lib/signing.js
../node_modules/.pnpm/stellar-base@10.0.0-soroban.6/node_modules/stellar-base/lib/index.js
../node_modules/.pnpm/soroban-client@0.10.1/node_modules/soroban-client/lib/index.js
./lib/stellar-contract.ts
./components/submission-review.tsx

../node_modules/.pnpm/require-addon@1.1.0/node_modules/require-addon/lib/runtime/node.js
Critical dependency: require function is used in a way in which dependencies cannot be statically extracted

Import trace for requested module:
../node_modules/.pnpm/require-addon@1.1.0/node_modules/require-addon/lib/runtime/node.js
../node_modules/.pnpm/require-addon@1.1.0/node_modules/require-addon/index.js
../node_modules/.pnpm/sodium-native@4.3.3/node_modules/sodium-native/index.js
../node_modules/.pnpm/stellar-base@10.0.0-soroban.6/node_modules/stellar-base/lib/signing.js
../node_modules/.pnpm/stellar-base@10.0.0-soroban.6/node_modules/stellar-base/lib/index.js
../node_modules/.pnpm/soroban-client@0.10.1/node_modules/soroban-client/lib/index.js
./lib/stellar-contract.ts
./components/submission-review.tsx

../node_modules/.pnpm/require-addon@1.1.0/node_modules/require-addon/lib/runtime/node.js
Critical dependency: the request of a dependency is an expression

Import trace for requested module:
../node_modules/.pnpm/require-addon@1.1.0/node_modules/require-addon/lib/runtime/node.js
../node_modules/.pnpm/require-addon@1.1.0/node_modules/require-addon/index.js
../node_modules/.pnpm/sodium-native@4.3.3/node_modules/sodium-native/index.js
../node_modules/.pnpm/stellar-base@10.0.0-soroban.6/node_modules/stellar-base/lib/signing.js
../node_modules/.pnpm/stellar-base@10.0.0-soroban.6/node_modules/stellar-base/lib/index.js
../node_modules/.pnpm/soroban-client@0.10.1/node_modules/soroban-client/lib/index.js
./lib/stellar-contract.ts
./components/submission-review.tsx

../node_modules/.pnpm/sodium-native@4.3.3/node_modules/sodium-native/index.js
Critical dependency: require function is used in a way in which dependencies cannot be statically extracted

Import trace for requested module:
../node_modules/.pnpm/sodium-native@4.3.3/node_modules/sodium-native/index.js
../node_modules/.pnpm/stellar-base@10.0.0-soroban.6/node_modules/stellar-base/lib/signing.js
../node_modules/.pnpm/stellar-base@10.0.0-soroban.6/node_modules/stellar-base/lib/index.js
../node_modules/.pnpm/soroban-client@0.10.1/node_modules/soroban-client/lib/index.js
./lib/stellar-contract.ts
./components/submission-review.tsx

 [32m[1m✓[22m[39m Compiled successfully
 [37m[1m [22m[39m Skipping validation of types
 [37m[1m [22m[39m Skipping linting
[?25l [37m[1m [22m[39m Collecting page data  [36m.[39m[2K[1G [37m[1m [22m[39m Collecting page data  [36m..[39m[2K[1G [37m[1m [22m[39m Collecting page data  [36m...[39m[2K[1G[?25h [37m[1m [22m[39m Collecting page data     [32m[1m✓[22m[39m Collecting page data 
[?25l [37m[1m [22m[39m Generating static pages (0/8)  [36m[    ][39m[2K[1G [37m[1m [22m[39m Generating static pages (0/8)  [36m[=   ][39m[2K[1G [37m[1m [22m[39m Generating static pages (1/8)  [36m[==  ][39m[2K[1G[?25h✅ Stellar Contract Service initialized
Stellar Contract Service initialized: true
[?25h [32m[1m✓[22m[39m Generating static pages (8/8)
[?25l [37m[1m [22m[39m Finalizing page optimization  [36m.[39m[?25l [37m[1m [22m[39m Collecting build traces  [36m.[39m[2K[1G[?25h [37m[1m [22m[39m Collecting build traces     [32m[1m✓[22m[39m Collecting build traces 
[2K[1G[?25h [37m[1m [22m[39m Finalizing page optimization     [32m[1m✓[22m[39m Finalizing page optimization 

[4mRoute (app)[24m                                 [4mSize[24m  [4mFirst Load JS[24m  [4m[24m  [4m[24m
┌ ○ /                                    4.46 kB         [37m[1m113 kB[22m[39m
├ ○ /_not-found                            975 B         [37m[1m101 kB[22m[39m
├ ƒ /api/health                            139 B         [37m[1m101 kB[22m[39m
├ ○ /dashboard                           46.1 kB         [37m[1m168 kB[22m[39m
├ ○ /debug                                 693 B         [37m[1m101 kB[22m[39m
└ ○ /submission-review                    160 kB         [37m[1m282 kB[22m[39m
+ First Load JS shared by all             [37m[1m100 kB[22m[39m
  ├ chunks/6a369b33-9219bd967c705cda.js  53.2 kB
  ├ chunks/906-cd39b345035beea9.js       45.3 kB
  └ other shared chunks (total)          1.92 kB


ƒ Middleware                             [37m[1m32.4 kB[22m[39m

○  (Static)   prerendered as static content
ƒ  (Dynamic)  server-rendered on demand

[?25h
